Traceback (most recent call last):
  File "/Users/long/opt/anaconda3/envs/py39/lib/python3.9/site-packages/jupyter_cache/executors/utils.py", line 51, in single_nb_execution
    executenb(
  File "/Users/long/opt/anaconda3/envs/py39/lib/python3.9/site-packages/nbclient/client.py", line 1204, in execute
    return NotebookClient(nb=nb, resources=resources, km=km, **kwargs).execute()
  File "/Users/long/opt/anaconda3/envs/py39/lib/python3.9/site-packages/nbclient/util.py", line 84, in wrapped
    return just_run(coro(*args, **kwargs))
  File "/Users/long/opt/anaconda3/envs/py39/lib/python3.9/site-packages/nbclient/util.py", line 62, in just_run
    return loop.run_until_complete(coro)
  File "/Users/long/opt/anaconda3/envs/py39/lib/python3.9/asyncio/base_events.py", line 647, in run_until_complete
    return future.result()
  File "/Users/long/opt/anaconda3/envs/py39/lib/python3.9/site-packages/nbclient/client.py", line 663, in async_execute
    await self.async_execute_cell(
  File "/Users/long/opt/anaconda3/envs/py39/lib/python3.9/site-packages/nbclient/client.py", line 965, in async_execute_cell
    await self._check_raise_for_error(cell, cell_index, exec_reply)
  File "/Users/long/opt/anaconda3/envs/py39/lib/python3.9/site-packages/nbclient/client.py", line 862, in _check_raise_for_error
    raise CellExecutionError.from_cell_and_msg(cell, exec_reply_content)
nbclient.exceptions.CellExecutionError: An error occurred while executing the following cell:
------------------
# -*- coding: utf-8 -*-
"""
Created on Sun Jul 31 14:38:41 2022

@author: long0555
"""
from selenium import webdriver
from selenium.webdriver.common.by import By
from selenium.webdriver.support.ui import WebDriverWait
from selenium.webdriver.support import expected_conditions as EC
from selenium.webdriver.support.ui import Select
from time import sleep
import pandas as pd
import datefinder
import calendar
import os
import unittest
from random import randint
import PyPDF2
import glob
import time
import json
import re
import fitz

#driver_path = 'I:\Projects\AFRI/chromedriver.exe' #for windows
driver_path = '/Users/long/Library/CloudStorage/OneDrive-Personal/Projects/AFRI/chromedriver'
# driver = webdriver.Chrome(executable_path=DRIVER_PATH)

# Change the working directory
#os.chdir('/Users/long/OneDrive/Projects/AFRI')
os.chdir('/Volumes/GoogleDrive/Shared drives/UCSC-UMN AFRI project/Data/Raw_Data/UT/')
# os.chdir('/Volumes/GoogleDrive/Shared drives/UCSC-UMN AFRI project/Data/GA')
# Get the current working directory
cwd = os.getcwd()
# Print the current working directory
print("Current working directory: {0}".format(cwd))

chromeOptions = webdriver.ChromeOptions()
dnldpath = {"download.default_directory": '/Users/long/Library/CloudStorage/OneDrive-Personal/Projects/AFRI/data/UT'}
chromeOptions.add_experimental_option("prefs", dnldpath)
chromeOptions.add_argument('--no-sandbox')
chromeOptions.add_argument('--disable-dev-shm-usage')
driver = webdriver.Chrome(executable_path=driver_path, options=chromeOptions)

act_urls = []

driver.get("https://le.utah.gov/asp/passedbills/passedbills.asp")

sessions = driver.find_elements_by_css_selector('#session option')

for session in sessions[1:]:
    #driver.get("https://le.utah.gov/asp/passedbills/passedbills.asp")
    select_session = Select(driver.find_element_by_css_selector('#session'))
    print(session.text)
    select_session.select_by_visible_text(session.text)
    driver.find_element_by_css_selector('input.button').click()
    time.sleep(0.01)
    try:
        acts = driver.find_elements_by_css_selector(
            '#main-content > div > article > form > table > tbody > tr > td:nth-child(1) > a')
        for act in acts:
            act_url = act.get_attribute('href')
            act_urls.append(act_url)
            time.sleep(0.001)
    except:
        act = driver.find_element_by_css_selector(
            '#main-content > div > article > form > table > tbody > tr > td:nth-child(1) > a')
        act_url = act.get_attribute('href')
        act_urls.append(act_url)

act_urls = []
for year in range(1998, 2023):
    for i in ["GS", "S1", "S2", "S3", "S4", "S5", "S6", "H1"]:
        url = "https://le.utah.gov/asp/passedbills/passedbills.asp?session=" + str(year) + i
        print(url)
        driver.get(url)
        time.sleep(1)
        try:
            acts = driver.find_elements_by_css_selector(
                "#main-content > div > article > form > table > tbody > tr > td:nth-child(1) > a")
            for act in acts:
                act_url = act.get_attribute("href")
                act_urls.append(act_url)
        except:
            print("No Session")

acttxts = []
acttxt_urls = []

for i, url in enumerate(act_urls[1720:]):
    driver.get(url)
    print(i, url)
    actno = re.search('htm/(.*).htm', url).group(1)
    year = re.search('/~(.*).htmdoc', url).group(1)
    while len(actno) > 7:
        actno = actno[:6]
    print(actno)
    if int(year[:4]) < 2002:
        if "S" in actno:
            acttxt_url = "https://le.utah.gov/~" + year + "/bills/sbillenr/" + actno + ".htm"
        else:
            acttxt_url = "https://le.utah.gov/~" + year + "/bills/hbillenr/" + actno + ".htm"
        print(acttxt_url)
        acttxt_urls.append(acttxt_url)
        driver.get(acttxt_url)
        WebDriverWait(driver, 60).until(
            EC.presence_of_element_located((By.CSS_SELECTOR, "#main-content > div > article"))
        )
        acttxt = driver.find_element_by_css_selector("#main-content > div > article").text
        time.sleep(0.001)
    else:
        acttxt = driver.find_element_by_css_selector("#billbox > article").text
        time.sleep(0.001)
    acttxts.append(acttxt)

for i, url in enumerate(act_urls[3850:]):
    driver.get(url)
    print(i, url)
    url = str(url)
    actno = re.search('static/(.*).html', url).group(1)
    year = re.search('/~(.*)/bills/', url).group(1)
    if "S" in actno:
        acttxt_url = "https://le.utah.gov/~" + year + "/bills/sbillenr/" + actno + ".pdf"
    else:
        acttxt_url = "https://le.utah.gov/~" + year + "/bills/hbillenr/" + actno + ".pdf"
    print(acttxt_url)
    driver.get(acttxt_url)
    time.sleep(0.002)

path = "/Users/long/Library/CloudStorage/OneDrive-Personal/Projects/AFRI/data/UT"
files = glob.glob(os.path.join(path, '*.pdf'))
for file in files:
    doc = fitz.open(file)
    pgtxts = []
    for page in doc:
        pgtxt = page.get_text()
        pgtxts.append(pgtxt)
        acttxt = ' '.join(pgtxts)
    acttxts.append(acttxt)
    doc.close()

datasource = pd.DataFrame({
    'Full text': acttxts
})

# save bill info into files
datasource.to_excel('UT_Leginfo.xlsx')
datasource.to_csv('UT_Leginfo.csv')
datasource.to_pickle('UT_Leginfo.pkl')
datasource.to_json('UT_Leginfo.json')


------------------

[0;31m---------------------------------------------------------------------------[0m
[0;31mSessionNotCreatedException[0m                Traceback (most recent call last)
Input [0;32mIn [1][0m, in [0;36m<cell line: 44>[0;34m()[0m
[1;32m     42[0m chromeOptions[38;5;241m.[39madd_argument([38;5;124m'[39m[38;5;124m--no-sandbox[39m[38;5;124m'[39m)
[1;32m     43[0m chromeOptions[38;5;241m.[39madd_argument([38;5;124m'[39m[38;5;124m--disable-dev-shm-usage[39m[38;5;124m'[39m)
[0;32m---> 44[0m driver [38;5;241m=[39m [43mwebdriver[49m[38;5;241;43m.[39;49m[43mChrome[49m[43m([49m[43mexecutable_path[49m[38;5;241;43m=[39;49m[43mdriver_path[49m[43m,[49m[43m [49m[43moptions[49m[38;5;241;43m=[39;49m[43mchromeOptions[49m[43m)[49m
[1;32m     46[0m act_urls [38;5;241m=[39m []
[1;32m     48[0m driver[38;5;241m.[39mget([38;5;124m"[39m[38;5;124mhttps://le.utah.gov/asp/passedbills/passedbills.asp[39m[38;5;124m"[39m)

File [0;32m~/opt/anaconda3/envs/py39/lib/python3.9/site-packages/selenium/webdriver/chrome/webdriver.py:76[0m, in [0;36mWebDriver.__init__[0;34m(self, executable_path, port, options, service_args, desired_capabilities, service_log_path, chrome_options, keep_alive)[0m
[1;32m     73[0m [38;5;28mself[39m[38;5;241m.[39mservice[38;5;241m.[39mstart()
[1;32m     75[0m [38;5;28;01mtry[39;00m:
[0;32m---> 76[0m     [43mRemoteWebDriver[49m[38;5;241;43m.[39;49m[38;5;21;43m__init__[39;49m[43m([49m
[1;32m     77[0m [43m        [49m[38;5;28;43mself[39;49m[43m,[49m
[1;32m     78[0m [43m        [49m[43mcommand_executor[49m[38;5;241;43m=[39;49m[43mChromeRemoteConnection[49m[43m([49m
[1;32m     79[0m [43m            [49m[43mremote_server_addr[49m[38;5;241;43m=[39;49m[38;5;28;43mself[39;49m[38;5;241;43m.[39;49m[43mservice[49m[38;5;241;43m.[39;49m[43mservice_url[49m[43m,[49m
[1;32m     80[0m [43m            [49m[43mkeep_alive[49m[38;5;241;43m=[39;49m[43mkeep_alive[49m[43m)[49m[43m,[49m
[1;32m     81[0m [43m        [49m[43mdesired_capabilities[49m[38;5;241;43m=[39;49m[43mdesired_capabilities[49m[43m)[49m
[1;32m     82[0m [38;5;28;01mexcept[39;00m [38;5;167;01mException[39;00m:
[1;32m     83[0m     [38;5;28mself[39m[38;5;241m.[39mquit()

File [0;32m~/opt/anaconda3/envs/py39/lib/python3.9/site-packages/selenium/webdriver/remote/webdriver.py:157[0m, in [0;36mWebDriver.__init__[0;34m(self, command_executor, desired_capabilities, browser_profile, proxy, keep_alive, file_detector, options)[0m
[1;32m    154[0m [38;5;28;01mif[39;00m browser_profile [38;5;129;01mis[39;00m [38;5;129;01mnot[39;00m [38;5;28;01mNone[39;00m:
[1;32m    155[0m     warnings[38;5;241m.[39mwarn([38;5;124m"[39m[38;5;124mPlease use FirefoxOptions to set browser profile[39m[38;5;124m"[39m,
[1;32m    156[0m                   [38;5;167;01mDeprecationWarning[39;00m, stacklevel[38;5;241m=[39m[38;5;241m2[39m)
[0;32m--> 157[0m [38;5;28;43mself[39;49m[38;5;241;43m.[39;49m[43mstart_session[49m[43m([49m[43mcapabilities[49m[43m,[49m[43m [49m[43mbrowser_profile[49m[43m)[49m
[1;32m    158[0m [38;5;28mself[39m[38;5;241m.[39m_switch_to [38;5;241m=[39m SwitchTo([38;5;28mself[39m)
[1;32m    159[0m [38;5;28mself[39m[38;5;241m.[39m_mobile [38;5;241m=[39m Mobile([38;5;28mself[39m)

File [0;32m~/opt/anaconda3/envs/py39/lib/python3.9/site-packages/selenium/webdriver/remote/webdriver.py:252[0m, in [0;36mWebDriver.start_session[0;34m(self, capabilities, browser_profile)[0m
[1;32m    249[0m w3c_caps [38;5;241m=[39m _make_w3c_caps(capabilities)
[1;32m    250[0m parameters [38;5;241m=[39m {[38;5;124m"[39m[38;5;124mcapabilities[39m[38;5;124m"[39m: w3c_caps,
[1;32m    251[0m               [38;5;124m"[39m[38;5;124mdesiredCapabilities[39m[38;5;124m"[39m: capabilities}
[0;32m--> 252[0m response [38;5;241m=[39m [38;5;28;43mself[39;49m[38;5;241;43m.[39;49m[43mexecute[49m[43m([49m[43mCommand[49m[38;5;241;43m.[39;49m[43mNEW_SESSION[49m[43m,[49m[43m [49m[43mparameters[49m[43m)[49m
[1;32m    253[0m [38;5;28;01mif[39;00m [38;5;124m'[39m[38;5;124msessionId[39m[38;5;124m'[39m [38;5;129;01mnot[39;00m [38;5;129;01min[39;00m response:
[1;32m    254[0m     response [38;5;241m=[39m response[[38;5;124m'[39m[38;5;124mvalue[39m[38;5;124m'[39m]

File [0;32m~/opt/anaconda3/envs/py39/lib/python3.9/site-packages/selenium/webdriver/remote/webdriver.py:321[0m, in [0;36mWebDriver.execute[0;34m(self, driver_command, params)[0m
[1;32m    319[0m response [38;5;241m=[39m [38;5;28mself[39m[38;5;241m.[39mcommand_executor[38;5;241m.[39mexecute(driver_command, params)
[1;32m    320[0m [38;5;28;01mif[39;00m response:
[0;32m--> 321[0m     [38;5;28;43mself[39;49m[38;5;241;43m.[39;49m[43merror_handler[49m[38;5;241;43m.[39;49m[43mcheck_response[49m[43m([49m[43mresponse[49m[43m)[49m
[1;32m    322[0m     response[[38;5;124m'[39m[38;5;124mvalue[39m[38;5;124m'[39m] [38;5;241m=[39m [38;5;28mself[39m[38;5;241m.[39m_unwrap_value(
[1;32m    323[0m         response[38;5;241m.[39mget([38;5;124m'[39m[38;5;124mvalue[39m[38;5;124m'[39m, [38;5;28;01mNone[39;00m))
[1;32m    324[0m     [38;5;28;01mreturn[39;00m response

File [0;32m~/opt/anaconda3/envs/py39/lib/python3.9/site-packages/selenium/webdriver/remote/errorhandler.py:242[0m, in [0;36mErrorHandler.check_response[0;34m(self, response)[0m
[1;32m    240[0m         alert_text [38;5;241m=[39m value[[38;5;124m'[39m[38;5;124malert[39m[38;5;124m'[39m][38;5;241m.[39mget([38;5;124m'[39m[38;5;124mtext[39m[38;5;124m'[39m)
[1;32m    241[0m     [38;5;28;01mraise[39;00m exception_class(message, screen, stacktrace, alert_text)
[0;32m--> 242[0m [38;5;28;01mraise[39;00m exception_class(message, screen, stacktrace)

[0;31mSessionNotCreatedException[0m: Message: session not created: This version of ChromeDriver only supports Chrome version 105
Current browser version is 108.0.5359.124 with binary path /Applications/Google Chrome.app/Contents/MacOS/Google Chrome

SessionNotCreatedException: Message: session not created: This version of ChromeDriver only supports Chrome version 105
Current browser version is 108.0.5359.124 with binary path /Applications/Google Chrome.app/Contents/MacOS/Google Chrome


